Thu Jun 08 2023 19:29:13 [error console] error: globalErrorHandler Academic semester is already exist.
Thu Jun 08 2023 19:29:23 [error console] error: globalErrorHandler Academic semester is already exist.
Thu Jun 08 2023 19:29:27 [error console] error: globalErrorHandler Invalid semester code
Thu Jun 08 2023 19:29:35 [error console] error: globalErrorHandler Invalid semester code
Thu Jun 08 2023 19:30:7 [error console] error: globalErrorHandler Academic semester is already exist.
Thu Jun 08 2023 19:39:52 [error console] error: globalErrorHandler Academic semester is already exist.
Thu Jun 08 2023 19:40:52 [error console] error: globalErrorHandler Academic semester is already exist.
Thu Jun 08 2023 19:41:0 [error console] error: globalErrorHandler Invalid status code: undefined
Thu Jun 08 2023 19:43:13 [error console] error: globalErrorHandler Invalid status code: undefined
Thu Jun 08 2023 19:43:40 [error console] error: globalErrorHandler Academic semester is already exist.
Thu Jun 08 2023 19:44:35 [error console] error: globalErrorHandler Academic semester is already exist.
Thu Jun 08 2023 19:44:43 [error console] error: globalErrorHandler Invalid status code: undefined
Thu Jun 08 2023 19:45:33 [error console] error: globalErrorHandler Academic semester is already exist.
Thu Jun 08 2023 19:45:47 [error console] error: globalErrorHandler Invalid semester code
Thu Jun 08 2023 19:45:56 [error console] error: globalErrorHandler Academic semester is already exist.
Thu Jun 08 2023 19:46:1 [error console] error: globalErrorHandler Academic semester is already exist.
Thu Jun 08 2023 19:46:11 [error console] error: globalErrorHandler Academic semester is already exist.
Thu Jun 08 2023 19:46:23 [error console] error: globalErrorHandler [
  {
    "code": "invalid_type",
    "expected": "string",
    "received": "undefined",
    "path": [
      "body",
      "role"
    ],
    "message": "role is required"
  }
]
Thu Jun 08 2023 19:46:27 [error console] error: globalErrorHandler [
  {
    "code": "invalid_type",
    "expected": "string",
    "received": "undefined",
    "path": [
      "body",
      "role"
    ],
    "message": "role is required"
  }
]
Thu Jun 08 2023 19:46:33 [error console] error: globalErrorHandler [
  {
    "code": "invalid_type",
    "expected": "string",
    "received": "undefined",
    "path": [
      "body",
      "role"
    ],
    "message": "role is required"
  }
]
Thu Jun 08 2023 19:46:42 [error console] error: globalErrorHandler [
  {
    "code": "invalid_type",
    "expected": "string",
    "received": "undefined",
    "path": [
      "body",
      "role"
    ],
    "message": "role is required"
  }
]
Thu Jun 08 2023 19:47:17 [error console] error: globalErrorHandler [
  {
    "code": "invalid_type",
    "expected": "string",
    "received": "undefined",
    "path": [
      "body",
      "role"
    ],
    "message": "role is required"
  }
]
Thu Jun 08 2023 19:48:13 [error console] error: globalErrorHandler [
  {
    "code": "invalid_type",
    "expected": "string",
    "received": "undefined",
    "path": [
      "body",
      "role"
    ],
    "message": "role is required"
  }
]
