Mon Jun 12 2023 - error - globalErrorHandler E11000 duplicate key error collection: university-management.academicfaculties index: title_1 dup key: { title: "Economics" }
Mon Jun 12 2023 - error - globalErrorHandler [
  {
    "code": "invalid_type",
    "expected": "string",
    "received": "undefined",
    "path": [
      "body",
      "title"
    ],
    "message": "Title is required"
  }
]
Mon Jun 12 2023 - error - globalErrorHandler Cast to ObjectId failed for value "create-department" (type string) at path "_id" for model "AcademicDepartment"
Mon Jun 12 2023 - error - globalErrorHandler Cast to ObjectId failed for value "create-department" (type string) at path "_id" for model "AcademicDepartment"
Mon Jun 12 2023 - error - globalErrorHandler AcademicDepartment validation failed: academicFaculty: Cast to ObjectId failed for value "Management" (type string) at path "academicFaculty" because of "BSONError"
Mon Jun 12 2023 - error - globalErrorHandler AcademicDepartment validation failed: academicFaculty: Cast to ObjectId failed for value "Management" (type string) at path "academicFaculty" because of "BSONError"
Mon Jun 12 2023 - error - globalErrorHandler AcademicDepartment validation failed: academicFaculty: Cast to ObjectId failed for value "Management" (type string) at path "academicFaculty" because of "BSONError"
Mon Jun 12 2023 - error - globalErrorHandler AcademicDepartment validation failed: academicFaculty: Cast to ObjectId failed for value "Marketing" (type string) at path "academicFaculty" because of "BSONError"
Mon Jun 12 2023 - error - globalErrorHandler E11000 duplicate key error collection: university-management.academicdepartments index: title_1 dup key: { title: "Bussiness Studies" }
Mon Jun 12 2023 - error - globalErrorHandler Plan executor error during findAndModify :: caused by :: E11000 duplicate key error collection: university-management.academicdepartments index: title_1 dup key: { title: "Bussiness Studies" }
