Mon Jun 12 2023 - error - globalErrorHandler [
  {
    "code": "custom",
    "message": "Either both title and code should be provided or neither",
    "path": []
  }
]
Mon Jun 12 2023 - error - globalErrorHandler [
  {
    "code": "custom",
    "message": "Either both title and code should be provided or neither",
    "path": []
  }
]
Mon Jun 12 2023 - error - globalErrorHandler [
  {
    "code": "custom",
    "message": "Either both title and code should be provided or neither",
    "path": []
  }
]
Mon Jun 12 2023 - error - globalErrorHandler Invalid semester code
