Mon Jun 12 2023 - error - globalErrorHandler Cast to ObjectId failed for value "adfasdf" (type string) at path "_id" for model "academic-semester"
Mon Jun 12 2023 - error - globalErrorHandler Cast to ObjectId failed for value "adfasdf" (type string) at path "_id" for model "academic-semester"
Mon Jun 12 2023 - error - globalErrorHandler Cast to ObjectId failed for value "adfasdf" (type string) at path "_id" for model "academic-semester"
Mon Jun 12 2023 - error - globalErrorHandler Cast to ObjectId failed for value "adfasdf" (type string) at path "_id" for model "academic-semester"
Mon Jun 12 2023 - error - globalErrorHandler Cast to ObjectId failed for value "adfasdf" (type string) at path "_id" for model "academic-semester"
Mon Jun 12 2023 - error - globalErrorHandler Cast to ObjectId failed for value "adfasdf" (type string) at path "_id" for model "academic-semester"
Mon Jun 12 2023 - error - globalErrorHandler Cast to ObjectId failed for value "adfasdf" (type string) at path "_id" for model "academic-semester"
Mon Jun 12 2023 - error - globalErrorHandler [
  {
    "expected": "'Autumn' | 'Summer' | 'Fall'",
    "received": "undefined",
    "code": "invalid_type",
    "path": [
      "body",
      "title"
    ],
    "message": "Title is required"
  }
]
Mon Jun 12 2023 - error - globalErrorHandler Academic semester is already exist.
