Wed Jun 21 2023 - error - globalErrorHandler [
  {
    "code": "invalid_type",
    "expected": "string",
    "received": "undefined",
    "path": [
      "body",
      "admin",
      "managementDepartment"
    ],
    "message": "Management department is required"
  }
]
Wed Jun 21 2023 - error - globalErrorHandler Cast to ObjectId failed for value "create-department" (type string) at path "_id" for model "ManagementDepartment"
Wed Jun 21 2023 - error - globalErrorHandler Cannot populate path `ManagementDepartment` because it is not in your schema. Set the `strictPopulate` option to false to override.
Wed Jun 21 2023 - error - globalErrorHandler [
  {
    "code": "invalid_type",
    "expected": "object",
    "received": "undefined",
    "path": [
      "body",
      "name"
    ],
    "message": "Required"
  }
]
Wed Jun 21 2023 - error - Attempted illegal state transition from [TRANSACTION_COMMITTED] to [TRANSACTION_ABORTED]
Wed Jun 21 2023 - error - globalErrorHandler Cast to ObjectId failed for value "create-department" (type string) at path "_id" for model "ManagementDepartment"
