Wed Jun 21 2023 - error - globalErrorHandler [
  {
    "code": "invalid_type",
    "expected": "object",
    "received": "undefined",
    "path": [
      "body",
      "faculty"
    ],
    "message": "Required"
  }
]
Wed Jun 21 2023 - error - globalErrorHandler Schema hasn't been registered for model "Faculty".
Use mongoose.model(name, schema)
Wed Jun 21 2023 - error - globalErrorHandler Unexpected token } in JSON at position 596
Wed Jun 21 2023 - error - globalErrorHandler [
  {
    "code": "invalid_type",
    "expected": "object",
    "received": "undefined",
    "path": [
      "body",
      "faculty"
    ],
    "message": "Required"
  }
]
Wed Jun 21 2023 - error - globalErrorHandler E11000 duplicate key error collection: university-management.faculties index: email_1 dup key: { email: "johndoe@example.com" }
Wed Jun 21 2023 - error - globalErrorHandler E11000 duplicate key error collection: university-management.faculties index: contactNo_1 dup key: { contactNo: "+1234567890" }
Wed Jun 21 2023 - error - globalErrorHandler Schema hasn't been registered for model "Faculty".
Use mongoose.model(name, schema)
Wed Jun 21 2023 - error - globalErrorHandler Cannot set properties of undefined (setting 'id')
Wed Jun 21 2023 - error - globalErrorHandler Cannot set properties of undefined (setting 'id')
Wed Jun 21 2023 - error - globalErrorHandler Cannot set properties of undefined (setting 'id')
Wed Jun 21 2023 - error - globalErrorHandler [
  {
    "code": "invalid_type",
    "expected": "object",
    "received": "undefined",
    "path": [
      "body",
      "name"
    ],
    "message": "Required"
  },
  {
    "code": "invalid_type",
    "expected": "string",
    "received": "undefined",
    "path": [
      "body",
      "gender"
    ],
    "message": "Gender is required"
  },
  {
    "code": "invalid_type",
    "expected": "string",
    "received": "undefined",
    "path": [
      "body",
      "dateOfBirth"
    ],
    "message": "Date of birth is required"
  },
  {
    "code": "invalid_type",
    "expected": "string",
    "received": "undefined",
    "path": [
      "body",
      "email"
    ],
    "message": "Email is required"
  },
  {
    "code": "invalid_type",
    "expected": "string",
    "received": "undefined",
    "path": [
      "body",
      "contactNo"
    ],
    "message": "Contact number is required"
  },
  {
    "code": "invalid_type",
    "expected": "string",
    "received": "undefined",
    "path": [
      "body",
      "emergencyContactNo"
    ],
    "message": "Emergency contact number is required"
  },
  {
    "code": "invalid_type",
    "expected": "string",
    "received": "undefined",
    "path": [
      "body",
      "presentAddress"
    ],
    "message": "Present address is required"
  },
  {
    "code": "invalid_type",
    "expected": "string",
    "received": "undefined",
    "path": [
      "body",
      "permanentAddress"
    ],
    "message": "Permanent address is required"
  },
  {
    "code": "invalid_type",
    "expected": "string",
    "received": "undefined",
    "path": [
      "body",
      "academicDepartment"
    ],
    "message": "Academic department is required"
  },
  {
    "code": "invalid_type",
    "expected": "string",
    "received": "undefined",
    "path": [
      "body",
      "academicFaculty"
    ],
    "message": "Academic faculty is required"
  },
  {
    "code": "invalid_type",
    "expected": "string",
    "received": "undefined",
    "path": [
      "body",
      "designation"
    ],
    "message": "Designation is required"
  }
]
Wed Jun 21 2023 - error - globalErrorHandler Cannot set properties of undefined (setting 'id')
