Thu Jun 08 2023 18:33:59 [error console] error: globalErrorHandler Academic semester is already exist.
Thu Jun 08 2023 18:34:32 [error console] error: globalErrorHandler [
  {
    "received": "SUmmer",
    "code": "invalid_enum_value",
    "options": [
      "Autumn",
      "Summer",
      "Fall"
    ],
    "path": [
      "body",
      "title"
    ],
    "message": "Invalid enum value. Expected 'Autumn' | 'Summer' | 'Fall', received 'SUmmer'"
  }
]
Thu Jun 08 2023 18:47:28 [error console] error: globalErrorHandler Invalid semester code
Thu Jun 08 2023 18:53:20 [error console] error: globalErrorHandler Invalid semester code
Thu Jun 08 2023 18:56:4 [error console] error: globalErrorHandler Invalid semester code
Thu Jun 08 2023 18:56:9 [error console] error: globalErrorHandler Academic semester is already exist.
