{
  issues: [
    {
      code: 'invalid_type',
      expected: 'number',
      received: 'string',
      path: [ 'body', 'year' ],
      message: 'Expected number, received string'
    }
  ],
  addIssue: [Function (anonymous)],
  addIssues: [Function (anonymous)],
  name: 'ZodError',
  level: 'error',
  message: 'globalErrorHandler [\n' +
    '  {\n' +
    '    "code": "invalid_type",\n' +
    '    "expected": "number",\n' +
    '    "received": "string",\n' +
    '    "path": [\n' +
    '      "body",\n' +
    '      "year"\n' +
    '    ],\n' +
    '    "message": "Expected number, received string"\n' +
    '  }\n' +
    ']',
  stack: 'ZodError: [\n' +
    '  {\n' +
    '    "code": "invalid_type",\n' +
    '    "expected": "number",\n' +
    '    "received": "string",\n' +
    '    "path": [\n' +
    '      "body",\n' +
    '      "year"\n' +
    '    ],\n' +
    '    "message": "Expected number, received string"\n' +
    '  }\n' +
    ']\n' +
    '    at Object.get error [as error] (C:\\Users\\User\\Desktop\\Projects\\university-management-auth-service\\node_modules\\zod\\lib\\types.js:43:31)\n' +
    '    at ZodObject.parseAsync (C:\\Users\\User\\Desktop\\Projects\\university-management-auth-service\\node_modules\\zod\\lib\\types.js:164:22)\n' +
    '    at processTicksAndRejections (node:internal/process/task_queues:96:5)',
  label: 'error console',
  timestamp: '2023-06-06T15:39:13.110Z'
}
{
  issues: [
    {
      received: '05',
      code: 'invalid_enum_value',
      options: [ '01', '02', '03' ],
      path: [ 'body', 'code' ],
      message: "Invalid enum value. Expected '01' | '02' | '03', received '05'"
    }
  ],
  addIssue: [Function (anonymous)],
  addIssues: [Function (anonymous)],
  name: 'ZodError',
  level: 'error',
  message: 'globalErrorHandler [\n' +
    '  {\n' +
    '    "received": "05",\n' +
    '    "code": "invalid_enum_value",\n' +
    '    "options": [\n' +
    '      "01",\n' +
    '      "02",\n' +
    '      "03"\n' +
    '    ],\n' +
    '    "path": [\n' +
    '      "body",\n' +
    '      "code"\n' +
    '    ],\n' +
    `    "message": "Invalid enum value. Expected '01' | '02' | '03', received '05'"\n` +
    '  }\n' +
    ']',
  stack: 'ZodError: [\n' +
    '  {\n' +
    '    "received": "05",\n' +
    '    "code": "invalid_enum_value",\n' +
    '    "options": [\n' +
    '      "01",\n' +
    '      "02",\n' +
    '      "03"\n' +
    '    ],\n' +
    '    "path": [\n' +
    '      "body",\n' +
    '      "code"\n' +
    '    ],\n' +
    `    "message": "Invalid enum value. Expected '01' | '02' | '03', received '05'"\n` +
    '  }\n' +
    ']\n' +
    '    at Object.get error [as error] (C:\\Users\\User\\Desktop\\Projects\\university-management-auth-service\\node_modules\\zod\\lib\\types.js:43:31)\n' +
    '    at ZodObject.parseAsync (C:\\Users\\User\\Desktop\\Projects\\university-management-auth-service\\node_modules\\zod\\lib\\types.js:164:22)\n' +
    '    at processTicksAndRejections (node:internal/process/task_queues:96:5)',
  label: 'error console',
  timestamp: '2023-06-06T15:43:11.867Z'
}
{
  issues: [
    {
      received: 'Mays',
      code: 'invalid_enum_value',
      options: [
        'January',   'February',
        'March',     'April',
        'May',       'June',
        'July',      'August',
        'September', 'October',
        'November',  'December'
      ],
      path: [ 'body', 'endMonth' ],
      message: "Invalid enum value. Expected 'January' | 'February' | 'March' | 'April' | 'May' | 'June' | 'July' | 'August' | 'September' | 'October' | 'November' | 'December', received 'Mays'"
    }
  ],
  addIssue: [Function (anonymous)],
  addIssues: [Function (anonymous)],
  name: 'ZodError',
  level: 'error',
  message: 'globalErrorHandler [\n' +
    '  {\n' +
    '    "received": "Mays",\n' +
    '    "code": "invalid_enum_value",\n' +
    '    "options": [\n' +
    '      "January",\n' +
    '      "February",\n' +
    '      "March",\n' +
    '      "April",\n' +
    '      "May",\n' +
    '      "June",\n' +
    '      "July",\n' +
    '      "August",\n' +
    '      "September",\n' +
    '      "October",\n' +
    '      "November",\n' +
    '      "December"\n' +
    '    ],\n' +
    '    "path": [\n' +
    '      "body",\n' +
    '      "endMonth"\n' +
    '    ],\n' +
    `    "message": "Invalid enum value. Expected 'January' | 'February' | 'March' | 'April' | 'May' | 'June' | 'July' | 'August' | 'September' | 'October' | 'November' | 'December', received 'Mays'"\n` +
    '  }\n' +
    ']',
  stack: 'ZodError: [\n' +
    '  {\n' +
    '    "received": "Mays",\n' +
    '    "code": "invalid_enum_value",\n' +
    '    "options": [\n' +
    '      "January",\n' +
    '      "February",\n' +
    '      "March",\n' +
    '      "April",\n' +
    '      "May",\n' +
    '      "June",\n' +
    '      "July",\n' +
    '      "August",\n' +
    '      "September",\n' +
    '      "October",\n' +
    '      "November",\n' +
    '      "December"\n' +
    '    ],\n' +
    '    "path": [\n' +
    '      "body",\n' +
    '      "endMonth"\n' +
    '    ],\n' +
    `    "message": "Invalid enum value. Expected 'January' | 'February' | 'March' | 'April' | 'May' | 'June' | 'July' | 'August' | 'September' | 'October' | 'November' | 'December', received 'Mays'"\n` +
    '  }\n' +
    ']\n' +
    '    at Object.get error [as error] (C:\\Users\\User\\Desktop\\Projects\\university-management-auth-service\\node_modules\\zod\\lib\\types.js:43:31)\n' +
    '    at ZodObject.parseAsync (C:\\Users\\User\\Desktop\\Projects\\university-management-auth-service\\node_modules\\zod\\lib\\types.js:164:22)\n' +
    '    at processTicksAndRejections (node:internal/process/task_queues:96:5)',
  label: 'error console',
  timestamp: '2023-06-06T15:43:24.526Z'
}
