Sun Jun 11 2023 - error - globalErrorHandler Cannot read properties of undefined (reading 'page')
Sun Jun 11 2023 - error - globalErrorHandler Cannot read properties of undefined (reading 'page')
Sun Jun 11 2023 - error - globalErrorHandler Cannot read properties of undefined (reading 'page')
Sun Jun 11 2023 - error - globalErrorHandler Cast to number failed for value "i" (type string) at path "year" for model "academic-semester"
Sun Jun 11 2023 - error - globalErrorHandler [
  {
    "code": "invalid_type",
    "expected": "number",
    "received": "string",
    "path": [
      "body",
      "year"
    ],
    "message": "Expected number, received string"
  }
]
Sun Jun 11 2023 - error - globalErrorHandler Academic semester is already exist.
Sun Jun 11 2023 - error - globalErrorHandler Invalid semester code
Sun Jun 11 2023 - error - globalErrorHandler $regex has to be a string
Sun Jun 11 2023 - error - globalErrorHandler $regex has to be a string
Sun Jun 11 2023 - error - globalErrorHandler $and/$or/$nor must be a nonempty array
Sun Jun 11 2023 - error - globalErrorHandler $and/$or/$nor must be a nonempty array
Sun Jun 11 2023 - error - globalErrorHandler $and/$or/$nor must be a nonempty array
