{
  message: '\x1B[32mdatabase connected successfully\x1B[39m',
  level: 'info',
  label: 'info console',
  timestamp: '2023-06-05T09:29:46.257Z'
}
{
  message: '\x1B[32mserver running on the port 5000\x1B[39m',
  level: 'info',
  label: 'info console',
  timestamp: '2023-06-05T09:29:46.275Z'
}
{
  message: '\x1B[32mdatabase connected successfully\x1B[39m',
  level: 'info',
  label: 'info console',
  timestamp: '2023-06-05T09:36:03.659Z'
}
{
  message: '\x1B[32mserver running on the port 5000\x1B[39m',
  level: 'info',
  label: 'info console',
  timestamp: '2023-06-05T09:36:03.668Z'
}
{
  message: '\x1B[32mdatabase connected successfully\x1B[39m',
  level: 'info',
  label: 'info console',
  timestamp: '2023-06-05T09:36:29.217Z'
}
{
  message: '\x1B[32mserver running on the port 5000\x1B[39m',
  level: 'info',
  label: 'info console',
  timestamp: '2023-06-05T09:36:29.224Z'
}
{
  message: '\x1B[32mdatabase connected successfully\x1B[39m',
  level: 'info',
  label: 'info console',
  timestamp: '2023-06-05T09:39:49.458Z'
}
{
  message: '\x1B[32mserver running on the port 5000\x1B[39m',
  level: 'info',
  label: 'info console',
  timestamp: '2023-06-05T09:39:49.472Z'
}
{
  message: '\x1B[32mdatabase connected successfully\x1B[39m',
  level: 'info',
  label: 'info console',
  timestamp: '2023-06-05T09:42:35.825Z'
}
{
  message: '\x1B[32mserver running on the port 5000\x1B[39m',
  level: 'info',
  label: 'info console',
  timestamp: '2023-06-05T09:42:35.840Z'
}
{
  message: '\x1B[32mdatabase connected successfully\x1B[39m',
  level: 'info',
  label: 'info console',
  timestamp: '2023-06-05T09:42:52.577Z'
}
{
  message: '\x1B[32mserver running on the port 5000\x1B[39m',
  level: 'info',
  label: 'info console',
  timestamp: '2023-06-05T09:42:52.591Z'
}
{
  message: '\x1B[32mdatabase connected successfully\x1B[39m',
  level: 'info',
  label: 'info console',
  timestamp: '2023-06-05T09:43:53.882Z'
}
{
  message: '\x1B[32mserver running on the port 5000\x1B[39m',
  level: 'info',
  label: 'info console',
  timestamp: '2023-06-05T09:43:53.892Z'
}
{
  message: '\x1B[32mdatabase connected successfully\x1B[39m',
  level: 'info',
  label: 'info console',
  timestamp: '2023-06-05T09:45:05.264Z'
}
{
  message: '\x1B[32mserver running on the port 5000\x1B[39m',
  level: 'info',
  label: 'info console',
  timestamp: '2023-06-05T09:45:05.274Z'
}
{
  message: '\x1B[32mdatabase connected successfully\x1B[39m',
  level: 'info',
  label: 'info console',
  timestamp: '2023-06-05T09:45:46.879Z'
}
{
  message: '\x1B[32mserver running on the port 5000\x1B[39m',
  level: 'info',
  label: 'info console',
  timestamp: '2023-06-05T09:45:46.908Z'
}
{
  message: '\x1B[32mdatabase connected successfully\x1B[39m',
  level: 'info',
  label: 'info console',
  timestamp: '2023-06-05T09:50:37.287Z'
}
{
  message: '\x1B[32mserver running on the port 5000\x1B[39m',
  level: 'info',
  label: 'info console',
  timestamp: '2023-06-05T09:50:37.294Z'
}
{
  message: '\x1B[32mdatabase connected successfully\x1B[39m',
  level: 'info',
  label: 'info console',
  timestamp: '2023-06-05T09:54:36.882Z'
}
{
  message: '\x1B[32mserver running on the port 5000\x1B[39m',
  level: 'info',
  label: 'info console',
  timestamp: '2023-06-05T09:54:36.889Z'
}
{
  message: '\x1B[32mdatabase connected successfully\x1B[39m',
  level: 'info',
  label: 'info console',
  timestamp: '2023-06-05T09:55:56.971Z'
}
{
  message: '\x1B[32mserver running on the port 5000\x1B[39m',
  level: 'info',
  label: 'info console',
  timestamp: '2023-06-05T09:55:56.982Z'
}
