{
  message: '\x1B[32mdatabase connected successfully\x1B[39m',
  level: 'info',
  label: 'info console',
  timestamp: '2023-06-06T09:01:04.761Z'
}
{
  message: '\x1B[32mserver running on the port 5000\x1B[39m',
  level: 'info',
  label: 'info console',
  timestamp: '2023-06-06T09:01:04.776Z'
}
{
  message: '\x1B[32mdatabase connected successfully\x1B[39m',
  level: 'info',
  label: 'info console',
  timestamp: '2023-06-06T09:03:02.488Z'
}
{
  message: '\x1B[32mserver running on the port 5000\x1B[39m',
  level: 'info',
  label: 'info console',
  timestamp: '2023-06-06T09:03:02.498Z'
}
{
  message: '\x1B[32mdatabase connected successfully\x1B[39m',
  level: 'info',
  label: 'info console',
  timestamp: '2023-06-06T09:04:13.698Z'
}
{
  message: '\x1B[32mserver running on the port 5000\x1B[39m',
  level: 'info',
  label: 'info console',
  timestamp: '2023-06-06T09:04:13.706Z'
}
{
  message: '\x1B[32mdatabase connected successfully\x1B[39m',
  level: 'info',
  label: 'info console',
  timestamp: '2023-06-06T09:06:40.441Z'
}
{
  message: '\x1B[32mserver running on the port 5000\x1B[39m',
  level: 'info',
  label: 'info console',
  timestamp: '2023-06-06T09:06:40.450Z'
}
{
  message: '\x1B[32mdatabase connected successfully\x1B[39m',
  level: 'info',
  label: 'info console',
  timestamp: '2023-06-06T09:14:42.212Z'
}
{
  message: '\x1B[32mserver running on the port 5000\x1B[39m',
  level: 'info',
  label: 'info console',
  timestamp: '2023-06-06T09:14:42.225Z'
}
{
  message: '\x1B[32mdatabase connected successfully\x1B[39m',
  level: 'info',
  label: 'info console',
  timestamp: '2023-06-06T09:15:24.454Z'
}
{
  message: '\x1B[32mserver running on the port 5000\x1B[39m',
  level: 'info',
  label: 'info console',
  timestamp: '2023-06-06T09:15:24.469Z'
}
{
  message: '\x1B[32mdatabase connected successfully\x1B[39m',
  level: 'info',
  label: 'info console',
  timestamp: '2023-06-06T09:16:11.396Z'
}
{
  message: '\x1B[32mserver running on the port 5000\x1B[39m',
  level: 'info',
  label: 'info console',
  timestamp: '2023-06-06T09:16:11.404Z'
}
